\BOOKMARK [1][-]{section.1}{Background}{}% 1
\BOOKMARK [2][-]{subsection.1.1}{The interior structure of terrestrial planets through time}{section.1}% 2
\BOOKMARK [2][-]{subsection.1.2}{Parameterized convection models}{section.1}% 3
\BOOKMARK [2][-]{subsection.1.3}{Our understanding of mantle rheology}{section.1}% 4
\BOOKMARK [3][-]{subsubsection.1.3.1}{Diffusion creep or dislocation creep?}{subsection.1.3}% 5
\BOOKMARK [3][-]{subsubsection.1.3.2}{Dry or wet?}{subsection.1.3}% 6
\BOOKMARK [3][-]{subsubsection.1.3.3}{Self-regulation of viscosity}{subsection.1.3}% 7
\BOOKMARK [2][-]{subsection.1.4}{Stress, strength, and mountains}{section.1}% 8
\BOOKMARK [3][-]{subsubsection.1.4.1}{Convective stress}{subsection.1.4}% 9
\BOOKMARK [3][-]{subsubsection.1.4.2}{Dynamic topography in the solar system}{subsection.1.4}% 10
\BOOKMARK [2][-]{subsection.1.5}{Statement of the problem}{section.1}% 11
\BOOKMARK [1][-]{section.2}{Model description}{}% 12
\BOOKMARK [2][-]{subsection.2.1}{Temperature-dependent viscosity convection}{section.2}% 13
\BOOKMARK [3][-]{subsubsection.2.1.1}{Heat fluxes}{subsection.2.1}% 14
\BOOKMARK [2][-]{subsection.2.2}{Thermal evolution in the stagnant lid regime}{section.2}% 15
\BOOKMARK [3][-]{subsubsection.2.2.1}{Temperatures and heat flow in the lid}{subsection.2.2}% 16
\BOOKMARK [3][-]{subsubsection.2.2.2}{Lid thickness}{subsection.2.2}% 17
\BOOKMARK [2][-]{subsection.2.3}{Amplitude of dynamic topography}{section.2}% 18
\BOOKMARK [1][-]{section.3}{Preliminary results}{}% 19
\BOOKMARK [2][-]{subsection.3.1}{Thermal evolution}{section.3}% 20
\BOOKMARK [2][-]{subsection.3.2}{Purely-dynamic topography for solar system analogues}{section.3}% 21
\BOOKMARK [3][-]{subsubsection.3.2.1}{Variation of dynamic topography with planet mass}{subsection.3.2}% 22
\BOOKMARK [1][-]{section.4}{Discussion}{}% 23
\BOOKMARK [2][-]{subsection.4.1}{How does a planet's rheology govern its thermal history?}{section.4}% 24
\BOOKMARK [2][-]{subsection.4.2}{Under what conditions is simple dynamic topography useful/relevant?}{section.4}% 25
\BOOKMARK [1][-]{section.5}{Future work}{}% 26
\BOOKMARK [2][-]{subsection.5.1}{Plate flexure and lithospheric strength models}{section.5}% 27
\BOOKMARK [2][-]{subsection.5.2}{More exotic planets}{section.5}% 28
\BOOKMARK [2][-]{subsection.5.3}{Observables}{section.5}% 29
\BOOKMARK [2][-]{subsection.5.4}{Implications for planetary climate}{section.5}% 30
